Release 14.7 Map P.20131013 (lin64)
Xilinx Mapping Report File for Design 'plasma'

Design Information
------------------
Command Line   : map -intstyle ise -p xc4vfx60-ff1152-11 -global_opt off -cm
area -ir off -pr off -c 100 -o plasma_map.ncd plasma.ngd plasma.pcf 
Target Device  : xc4vfx60
Target Package : ff1152
Target Speed   : -11
Mapper Version : virtex4 -- $Revision: 1.55 $
Mapped Date    : Wed May 31 12:42:41 2017

Design Summary
--------------
Number of errors:      0
Number of warnings:    3
Logic Utilization:
  Number of Slice Flip Flops:           556 out of  50,560    1%
  Number of 4 input LUTs:             3,500 out of  50,560    6%
Logic Distribution:
  Number of occupied Slices:          1,798 out of  25,280    7%
    Number of Slices containing only related logic:   1,798 out of   1,798 100%
    Number of Slices containing unrelated logic:          0 out of   1,798   0%
      *See NOTES below for an explanation of the effects of unrelated logic.
  Total Number of 4 input LUTs:       3,508 out of  50,560    6%
    Number used as logic:             3,244
    Number used as a route-thru:          8
    Number used for Dual Port RAMs:     256
      (Two LUTs used per Dual Port RAM)

  The Slice Logic Distribution report is not meaningful if the design is
  over-mapped for a non-slice resource or if Placement fails.
  Number of bonded IOBs:                169 out of     576   29%
  Number of BUFG/BUFGCTRLs:               1 out of      32    3%
    Number used as BUFGs:                 1
  Number of FIFO16/RAMB16s:               4 out of     232    1%
    Number used as RAMB16s:               4

Average Fanout of Non-Clock Nets:                4.28

Peak Memory Usage:  791 MB
Total REAL time to MAP completion:  13 secs 
Total CPU time to MAP completion:   10 secs 

NOTES:

   Related logic is defined as being logic that shares connectivity - e.g. two
   LUTs are "related" if they share common inputs.  When assembling slices,
   Map gives priority to combine logic that is related.  Doing so results in
   the best timing performance.

   Unrelated logic shares no connectivity.  Map will only begin packing
   unrelated logic into a slice once 99% of the slices are occupied through
   related logic packing.

   Note that once logic distribution reaches the 99% level through related
   logic packing, this does not mean the device is completely utilized.
   Unrelated logic packing will then begin, continuing until all usable LUTs
   and FFs are occupied.  Depending on your timing budget, increased levels of
   unrelated logic packing may adversely affect the overall timing performance
   of your design.

Table of Contents
-----------------
Section 1 - Errors
Section 2 - Warnings
Section 3 - Informational
Section 4 - Removed Logic Summary
Section 5 - Removed Logic
Section 6 - IOB Properties
Section 7 - RPMs
Section 8 - Guide Report
Section 9 - Area Group and Partition Summary
Section 10 - Timing Report
Section 11 - Configuration String Information
Section 12 - Control Set Information
Section 13 - Utilization by Hierarchy

Section 1 - Errors
------------------

Section 2 - Warnings
--------------------
WARNING:Pack:266 - The function generator u1_cpu/u4_reg_bank/reg_source_out<2>1
   failed to merge with F5 multiplexer u1_cpu/u4_reg_bank/reg_source_out<3>_f5. 
   There is more than one F5MUX.  The design will exhibit suboptimal timing.
WARNING:Pack:266 - The function generator u1_cpu/u4_reg_bank/reg_source_out<2>1
   failed to merge with F5 multiplexer u1_cpu/u4_reg_bank/reg_source_out<4>_f5. 
   There is more than one F5MUX.  The design will exhibit suboptimal timing.
WARNING:Pack:266 - The function generator u1_cpu/u4_reg_bank/reg_source_out<2>1
   failed to merge with F5 multiplexer u1_cpu/u4_reg_bank/reg_source_out<5>_f5. 
   There is more than one F5MUX.  The design will exhibit suboptimal timing.

Section 3 - Informational
-------------------------
INFO:LIT:243 - Logical network u1_cpu/u4_reg_bank/reg_loop[0].reg_bit1a/SPO has
   no load.
INFO:LIT:395 - The above info message is repeated 127 more times for the
   following (max. 5 shown):
   u1_cpu/u4_reg_bank/reg_loop[0].reg_bit1b/SPO,
   u1_cpu/u4_reg_bank/reg_loop[0].reg_bit2a/SPO,
   u1_cpu/u4_reg_bank/reg_loop[0].reg_bit2b/SPO,
   u1_cpu/u4_reg_bank/reg_loop[1].reg_bit1a/SPO,
   u1_cpu/u4_reg_bank/reg_loop[1].reg_bit1b/SPO
   To see the details of these info messages, please use the -detail switch.
INFO:MapLib:562 - No environment variables are currently set.
INFO:LIT:244 - All of the single ended outputs in this design are using slew
   rate limited output drivers. The delay on speed critical single ended outputs
   can be dramatically reduced by designating them as fast outputs.

Section 4 - Removed Logic Summary
---------------------------------
   2 block(s) optimized away

Section 5 - Removed Logic
-------------------------

Optimized Block(s):
TYPE 		BLOCK
GND 		XST_GND
VCC 		XST_VCC

To enable printing of redundant blocks removed and signals merged, set the
detailed map report option and rerun map.

Section 6 - IOB Properties
--------------------------

+---------------------------------------------------------------------------------------------------------------------------------------------------------+
| IOB Name                           | Type             | Direction | IO Standard          | Diff  | Drive    | Slew | Reg (s)      | Resistor | IOB      |
|                                    |                  |           |                      | Term  | Strength | Rate |              |          | Delay    |
+---------------------------------------------------------------------------------------------------------------------------------------------------------+
| address<2>                         | IOB              | OUTPUT    | LVCMOS25             |       | 12       | SLOW |              |          |          |
| address<3>                         | IOB              | OUTPUT    | LVCMOS25             |       | 12       | SLOW |              |          |          |
| address<4>                         | IOB              | OUTPUT    | LVCMOS25             |       | 12       | SLOW |              |          |          |
| address<5>                         | IOB              | OUTPUT    | LVCMOS25             |       | 12       | SLOW |              |          |          |
| address<6>                         | IOB              | OUTPUT    | LVCMOS25             |       | 12       | SLOW |              |          |          |
| address<7>                         | IOB              | OUTPUT    | LVCMOS25             |       | 12       | SLOW |              |          |          |
| address<8>                         | IOB              | OUTPUT    | LVCMOS25             |       | 12       | SLOW |              |          |          |
| address<9>                         | IOB              | OUTPUT    | LVCMOS25             |       | 12       | SLOW |              |          |          |
| address<10>                        | IOB              | OUTPUT    | LVCMOS25             |       | 12       | SLOW |              |          |          |
| address<11>                        | IOB              | OUTPUT    | LVCMOS25             |       | 12       | SLOW |              |          |          |
| address<12>                        | IOB              | OUTPUT    | LVCMOS25             |       | 12       | SLOW |              |          |          |
| address<13>                        | IOB              | OUTPUT    | LVCMOS25             |       | 12       | SLOW |              |          |          |
| address<14>                        | IOB              | OUTPUT    | LVCMOS25             |       | 12       | SLOW |              |          |          |
| address<15>                        | IOB              | OUTPUT    | LVCMOS25             |       | 12       | SLOW |              |          |          |
| address<16>                        | IOB              | OUTPUT    | LVCMOS25             |       | 12       | SLOW |              |          |          |
| address<17>                        | IOB              | OUTPUT    | LVCMOS25             |       | 12       | SLOW |              |          |          |
| address<18>                        | IOB              | OUTPUT    | LVCMOS25             |       | 12       | SLOW |              |          |          |
| address<19>                        | IOB              | OUTPUT    | LVCMOS25             |       | 12       | SLOW |              |          |          |
| address<20>                        | IOB              | OUTPUT    | LVCMOS25             |       | 12       | SLOW |              |          |          |
| address<21>                        | IOB              | OUTPUT    | LVCMOS25             |       | 12       | SLOW |              |          |          |
| address<22>                        | IOB              | OUTPUT    | LVCMOS25             |       | 12       | SLOW |              |          |          |
| address<23>                        | IOB              | OUTPUT    | LVCMOS25             |       | 12       | SLOW |              |          |          |
| address<24>                        | IOB              | OUTPUT    | LVCMOS25             |       | 12       | SLOW |              |          |          |
| address<25>                        | IOB              | OUTPUT    | LVCMOS25             |       | 12       | SLOW |              |          |          |
| address<26>                        | IOB              | OUTPUT    | LVCMOS25             |       | 12       | SLOW |              |          |          |
| address<27>                        | IOB              | OUTPUT    | LVCMOS25             |       | 12       | SLOW |              |          |          |
| address<28>                        | IOB              | OUTPUT    | LVCMOS25             |       | 12       | SLOW |              |          |          |
| address<29>                        | IOB              | OUTPUT    | LVCMOS25             |       | 12       | SLOW |              |          |          |
| address<30>                        | IOB              | OUTPUT    | LVCMOS25             |       | 12       | SLOW |              |          |          |
| address<31>                        | IOB              | OUTPUT    | LVCMOS25             |       | 12       | SLOW |              |          |          |
| byte_we<0>                         | IOB              | OUTPUT    | LVCMOS25             |       | 12       | SLOW |              |          |          |
| byte_we<1>                         | IOB              | OUTPUT    | LVCMOS25             |       | 12       | SLOW |              |          |          |
| byte_we<2>                         | IOB              | OUTPUT    | LVCMOS25             |       | 12       | SLOW |              |          |          |
| byte_we<3>                         | IOB              | OUTPUT    | LVCMOS25             |       | 12       | SLOW |              |          |          |
| clk                                | IOB              | INPUT     | LVCMOS25             |       |          |      |              |          |          |
| data_read<0>                       | IOB              | INPUT     | LVCMOS25             |       |          |      |              |          |          |
| data_read<1>                       | IOB              | INPUT     | LVCMOS25             |       |          |      |              |          |          |
| data_read<2>                       | IOB              | INPUT     | LVCMOS25             |       |          |      |              |          |          |
| data_read<3>                       | IOB              | INPUT     | LVCMOS25             |       |          |      |              |          |          |
| data_read<4>                       | IOB              | INPUT     | LVCMOS25             |       |          |      |              |          |          |
| data_read<5>                       | IOB              | INPUT     | LVCMOS25             |       |          |      |              |          |          |
| data_read<6>                       | IOB              | INPUT     | LVCMOS25             |       |          |      |              |          |          |
| data_read<7>                       | IOB              | INPUT     | LVCMOS25             |       |          |      |              |          |          |
| data_read<8>                       | IOB              | INPUT     | LVCMOS25             |       |          |      |              |          |          |
| data_read<9>                       | IOB              | INPUT     | LVCMOS25             |       |          |      |              |          |          |
| data_read<10>                      | IOB              | INPUT     | LVCMOS25             |       |          |      |              |          |          |
| data_read<11>                      | IOB              | INPUT     | LVCMOS25             |       |          |      |              |          |          |
| data_read<12>                      | IOB              | INPUT     | LVCMOS25             |       |          |      |              |          |          |
| data_read<13>                      | IOB              | INPUT     | LVCMOS25             |       |          |      |              |          |          |
| data_read<14>                      | IOB              | INPUT     | LVCMOS25             |       |          |      |              |          |          |
| data_read<15>                      | IOB              | INPUT     | LVCMOS25             |       |          |      |              |          |          |
| data_read<16>                      | IOB              | INPUT     | LVCMOS25             |       |          |      |              |          |          |
| data_read<17>                      | IOB              | INPUT     | LVCMOS25             |       |          |      |              |          |          |
| data_read<18>                      | IOB              | INPUT     | LVCMOS25             |       |          |      |              |          |          |
| data_read<19>                      | IOB              | INPUT     | LVCMOS25             |       |          |      |              |          |          |
| data_read<20>                      | IOB              | INPUT     | LVCMOS25             |       |          |      |              |          |          |
| data_read<21>                      | IOB              | INPUT     | LVCMOS25             |       |          |      |              |          |          |
| data_read<22>                      | IOB              | INPUT     | LVCMOS25             |       |          |      |              |          |          |
| data_read<23>                      | IOB              | INPUT     | LVCMOS25             |       |          |      |              |          |          |
| data_read<24>                      | IOB              | INPUT     | LVCMOS25             |       |          |      |              |          |          |
| data_read<25>                      | IOB              | INPUT     | LVCMOS25             |       |          |      |              |          |          |
| data_read<26>                      | IOB              | INPUT     | LVCMOS25             |       |          |      |              |          |          |
| data_read<27>                      | IOB              | INPUT     | LVCMOS25             |       |          |      |              |          |          |
| data_read<28>                      | IOB              | INPUT     | LVCMOS25             |       |          |      |              |          |          |
| data_read<29>                      | IOB              | INPUT     | LVCMOS25             |       |          |      |              |          |          |
| data_read<30>                      | IOB              | INPUT     | LVCMOS25             |       |          |      |              |          |          |
| data_read<31>                      | IOB              | INPUT     | LVCMOS25             |       |          |      |              |          |          |
| data_write<0>                      | IOB              | OUTPUT    | LVCMOS25             |       | 12       | SLOW |              |          |          |
| data_write<1>                      | IOB              | OUTPUT    | LVCMOS25             |       | 12       | SLOW |              |          |          |
| data_write<2>                      | IOB              | OUTPUT    | LVCMOS25             |       | 12       | SLOW |              |          |          |
| data_write<3>                      | IOB              | OUTPUT    | LVCMOS25             |       | 12       | SLOW |              |          |          |
| data_write<4>                      | IOB              | OUTPUT    | LVCMOS25             |       | 12       | SLOW |              |          |          |
| data_write<5>                      | IOB              | OUTPUT    | LVCMOS25             |       | 12       | SLOW |              |          |          |
| data_write<6>                      | IOB              | OUTPUT    | LVCMOS25             |       | 12       | SLOW |              |          |          |
| data_write<7>                      | IOB              | OUTPUT    | LVCMOS25             |       | 12       | SLOW |              |          |          |
| data_write<8>                      | IOB              | OUTPUT    | LVCMOS25             |       | 12       | SLOW |              |          |          |
| data_write<9>                      | IOB              | OUTPUT    | LVCMOS25             |       | 12       | SLOW |              |          |          |
| data_write<10>                     | IOB              | OUTPUT    | LVCMOS25             |       | 12       | SLOW |              |          |          |
| data_write<11>                     | IOB              | OUTPUT    | LVCMOS25             |       | 12       | SLOW |              |          |          |
| data_write<12>                     | IOB              | OUTPUT    | LVCMOS25             |       | 12       | SLOW |              |          |          |
| data_write<13>                     | IOB              | OUTPUT    | LVCMOS25             |       | 12       | SLOW |              |          |          |
| data_write<14>                     | IOB              | OUTPUT    | LVCMOS25             |       | 12       | SLOW |              |          |          |
| data_write<15>                     | IOB              | OUTPUT    | LVCMOS25             |       | 12       | SLOW |              |          |          |
| data_write<16>                     | IOB              | OUTPUT    | LVCMOS25             |       | 12       | SLOW |              |          |          |
| data_write<17>                     | IOB              | OUTPUT    | LVCMOS25             |       | 12       | SLOW |              |          |          |
| data_write<18>                     | IOB              | OUTPUT    | LVCMOS25             |       | 12       | SLOW |              |          |          |
| data_write<19>                     | IOB              | OUTPUT    | LVCMOS25             |       | 12       | SLOW |              |          |          |
| data_write<20>                     | IOB              | OUTPUT    | LVCMOS25             |       | 12       | SLOW |              |          |          |
| data_write<21>                     | IOB              | OUTPUT    | LVCMOS25             |       | 12       | SLOW |              |          |          |
| data_write<22>                     | IOB              | OUTPUT    | LVCMOS25             |       | 12       | SLOW |              |          |          |
| data_write<23>                     | IOB              | OUTPUT    | LVCMOS25             |       | 12       | SLOW |              |          |          |
| data_write<24>                     | IOB              | OUTPUT    | LVCMOS25             |       | 12       | SLOW |              |          |          |
| data_write<25>                     | IOB              | OUTPUT    | LVCMOS25             |       | 12       | SLOW |              |          |          |
| data_write<26>                     | IOB              | OUTPUT    | LVCMOS25             |       | 12       | SLOW |              |          |          |
| data_write<27>                     | IOB              | OUTPUT    | LVCMOS25             |       | 12       | SLOW |              |          |          |
| data_write<28>                     | IOB              | OUTPUT    | LVCMOS25             |       | 12       | SLOW |              |          |          |
| data_write<29>                     | IOB              | OUTPUT    | LVCMOS25             |       | 12       | SLOW |              |          |          |
| data_write<30>                     | IOB              | OUTPUT    | LVCMOS25             |       | 12       | SLOW |              |          |          |
| data_write<31>                     | IOB              | OUTPUT    | LVCMOS25             |       | 12       | SLOW |              |          |          |
| gpio0_out<0>                       | IOB              | OUTPUT    | LVCMOS25             |       | 12       | SLOW |              |          |          |
| gpio0_out<1>                       | IOB              | OUTPUT    | LVCMOS25             |       | 12       | SLOW |              |          |          |
| gpio0_out<2>                       | IOB              | OUTPUT    | LVCMOS25             |       | 12       | SLOW |              |          |          |
| gpio0_out<3>                       | IOB              | OUTPUT    | LVCMOS25             |       | 12       | SLOW |              |          |          |
| gpio0_out<4>                       | IOB              | OUTPUT    | LVCMOS25             |       | 12       | SLOW |              |          |          |
| gpio0_out<5>                       | IOB              | OUTPUT    | LVCMOS25             |       | 12       | SLOW |              |          |          |
| gpio0_out<6>                       | IOB              | OUTPUT    | LVCMOS25             |       | 12       | SLOW |              |          |          |
| gpio0_out<7>                       | IOB              | OUTPUT    | LVCMOS25             |       | 12       | SLOW |              |          |          |
| gpio0_out<8>                       | IOB              | OUTPUT    | LVCMOS25             |       | 12       | SLOW |              |          |          |
| gpio0_out<9>                       | IOB              | OUTPUT    | LVCMOS25             |       | 12       | SLOW |              |          |          |
| gpio0_out<10>                      | IOB              | OUTPUT    | LVCMOS25             |       | 12       | SLOW |              |          |          |
| gpio0_out<11>                      | IOB              | OUTPUT    | LVCMOS25             |       | 12       | SLOW |              |          |          |
| gpio0_out<12>                      | IOB              | OUTPUT    | LVCMOS25             |       | 12       | SLOW |              |          |          |
| gpio0_out<13>                      | IOB              | OUTPUT    | LVCMOS25             |       | 12       | SLOW |              |          |          |
| gpio0_out<14>                      | IOB              | OUTPUT    | LVCMOS25             |       | 12       | SLOW |              |          |          |
| gpio0_out<15>                      | IOB              | OUTPUT    | LVCMOS25             |       | 12       | SLOW |              |          |          |
| gpio0_out<16>                      | IOB              | OUTPUT    | LVCMOS25             |       | 12       | SLOW |              |          |          |
| gpio0_out<17>                      | IOB              | OUTPUT    | LVCMOS25             |       | 12       | SLOW |              |          |          |
| gpio0_out<18>                      | IOB              | OUTPUT    | LVCMOS25             |       | 12       | SLOW |              |          |          |
| gpio0_out<19>                      | IOB              | OUTPUT    | LVCMOS25             |       | 12       | SLOW |              |          |          |
| gpio0_out<20>                      | IOB              | OUTPUT    | LVCMOS25             |       | 12       | SLOW |              |          |          |
| gpio0_out<21>                      | IOB              | OUTPUT    | LVCMOS25             |       | 12       | SLOW |              |          |          |
| gpio0_out<22>                      | IOB              | OUTPUT    | LVCMOS25             |       | 12       | SLOW |              |          |          |
| gpio0_out<23>                      | IOB              | OUTPUT    | LVCMOS25             |       | 12       | SLOW |              |          |          |
| gpio0_out<24>                      | IOB              | OUTPUT    | LVCMOS25             |       | 12       | SLOW |              |          |          |
| gpio0_out<25>                      | IOB              | OUTPUT    | LVCMOS25             |       | 12       | SLOW |              |          |          |
| gpio0_out<26>                      | IOB              | OUTPUT    | LVCMOS25             |       | 12       | SLOW |              |          |          |
| gpio0_out<27>                      | IOB              | OUTPUT    | LVCMOS25             |       | 12       | SLOW |              |          |          |
| gpio0_out<28>                      | IOB              | OUTPUT    | LVCMOS25             |       | 12       | SLOW |              |          |          |
| gpio0_out<29>                      | IOB              | OUTPUT    | LVCMOS25             |       | 12       | SLOW |              |          |          |
| gpio0_out<30>                      | IOB              | OUTPUT    | LVCMOS25             |       | 12       | SLOW |              |          |          |
| gpio0_out<31>                      | IOB              | OUTPUT    | LVCMOS25             |       | 12       | SLOW |              |          |          |
| gpioA_in<0>                        | IOB              | INPUT     | LVCMOS25             |       |          |      |              |          |          |
| gpioA_in<1>                        | IOB              | INPUT     | LVCMOS25             |       |          |      |              |          |          |
| gpioA_in<2>                        | IOB              | INPUT     | LVCMOS25             |       |          |      |              |          |          |
| gpioA_in<3>                        | IOB              | INPUT     | LVCMOS25             |       |          |      |              |          |          |
| gpioA_in<4>                        | IOB              | INPUT     | LVCMOS25             |       |          |      |              |          |          |
| gpioA_in<5>                        | IOB              | INPUT     | LVCMOS25             |       |          |      |              |          |          |
| gpioA_in<6>                        | IOB              | INPUT     | LVCMOS25             |       |          |      |              |          |          |
| gpioA_in<7>                        | IOB              | INPUT     | LVCMOS25             |       |          |      |              |          |          |
| gpioA_in<8>                        | IOB              | INPUT     | LVCMOS25             |       |          |      |              |          |          |
| gpioA_in<9>                        | IOB              | INPUT     | LVCMOS25             |       |          |      |              |          |          |
| gpioA_in<10>                       | IOB              | INPUT     | LVCMOS25             |       |          |      |              |          |          |
| gpioA_in<11>                       | IOB              | INPUT     | LVCMOS25             |       |          |      |              |          |          |
| gpioA_in<12>                       | IOB              | INPUT     | LVCMOS25             |       |          |      |              |          |          |
| gpioA_in<13>                       | IOB              | INPUT     | LVCMOS25             |       |          |      |              |          |          |
| gpioA_in<14>                       | IOB              | INPUT     | LVCMOS25             |       |          |      |              |          |          |
| gpioA_in<15>                       | IOB              | INPUT     | LVCMOS25             |       |          |      |              |          |          |
| gpioA_in<16>                       | IOB              | INPUT     | LVCMOS25             |       |          |      |              |          |          |
| gpioA_in<17>                       | IOB              | INPUT     | LVCMOS25             |       |          |      |              |          |          |
| gpioA_in<18>                       | IOB              | INPUT     | LVCMOS25             |       |          |      |              |          |          |
| gpioA_in<19>                       | IOB              | INPUT     | LVCMOS25             |       |          |      |              |          |          |
| gpioA_in<20>                       | IOB              | INPUT     | LVCMOS25             |       |          |      |              |          |          |
| gpioA_in<21>                       | IOB              | INPUT     | LVCMOS25             |       |          |      |              |          |          |
| gpioA_in<22>                       | IOB              | INPUT     | LVCMOS25             |       |          |      |              |          |          |
| gpioA_in<23>                       | IOB              | INPUT     | LVCMOS25             |       |          |      |              |          |          |
| gpioA_in<24>                       | IOB              | INPUT     | LVCMOS25             |       |          |      |              |          |          |
| gpioA_in<25>                       | IOB              | INPUT     | LVCMOS25             |       |          |      |              |          |          |
| gpioA_in<26>                       | IOB              | INPUT     | LVCMOS25             |       |          |      |              |          |          |
| gpioA_in<27>                       | IOB              | INPUT     | LVCMOS25             |       |          |      |              |          |          |
| gpioA_in<28>                       | IOB              | INPUT     | LVCMOS25             |       |          |      |              |          |          |
| gpioA_in<29>                       | IOB              | INPUT     | LVCMOS25             |       |          |      |              |          |          |
| gpioA_in<30>                       | IOB              | INPUT     | LVCMOS25             |       |          |      |              |          |          |
| gpioA_in<31>                       | IOB              | INPUT     | LVCMOS25             |       |          |      |              |          |          |
| mem_pause_in                       | IOB              | INPUT     | LVCMOS25             |       |          |      |              |          |          |
| no_ddr_start                       | IOB              | OUTPUT    | LVCMOS25             |       | 12       | SLOW |              |          |          |
| no_ddr_stop                        | IOB              | OUTPUT    | LVCMOS25             |       | 12       | SLOW |              |          |          |
| reset                              | IOB              | INPUT     | LVCMOS25             |       |          |      |              |          |          |
| uart_read                          | IOB              | INPUT     | LVCMOS25             |       |          |      |              |          |          |
| uart_write                         | IOB              | OUTPUT    | LVCMOS25             |       | 12       | SLOW |              |          |          |
+---------------------------------------------------------------------------------------------------------------------------------------------------------+

Section 7 - RPMs
----------------

Section 8 - Guide Report
------------------------
Guide not run on this design.

Section 9 - Area Group and Partition Summary
--------------------------------------------

Partition Implementation Status
-------------------------------

  No Partitions were found in this design.

-------------------------------

Area Group Information
----------------------

  No area groups were found in this design.

----------------------

Section 10 - Timing Report
--------------------------
This design was not run using timing mode.

Section 11 - Configuration String Details
-----------------------------------------
Use the "-detail" map option to print out Configuration Strings

Section 12 - Control Set Information
------------------------------------
No control set information for this architecture.

Section 13 - Utilization by Hierarchy
-------------------------------------
Use the "-detail" map option to print out the Utilization by Hierarchy section.
